<?xml version="1.0" encoding="UTF-8"?>
<testng-results skipped="0" failed="0" ignored="0" total="2" passed="2">
  <reporter-output>
  </reporter-output>
  <suite name="Default suite" duration-ms="18868" started-at="2018-03-13T00:59:00Z" finished-at="2018-03-13T00:59:18Z">
    <groups>
    </groups>
    <test name="Default test" duration-ms="18868" started-at="2018-03-13T00:59:00Z" finished-at="2018-03-13T00:59:18Z">
      <class name="automationTest.ShoppingSiteTest">
        <test-method status="PASS" signature="setup()[pri:0, instance:automationTest.ShoppingSiteTest@59f99ea]" name="setup" is-config="true" duration-ms="1974" started-at="2018-03-13T00:59:00Z" finished-at="2018-03-13T00:59:02Z">
          <reporter-output>
          </reporter-output>
        </test-method> <!-- setup -->
        <test-method status="PASS" signature="testRegister()[pri:1, instance:automationTest.ShoppingSiteTest@59f99ea]" name="testRegister" duration-ms="7196" started-at="2018-03-13T00:59:02Z" finished-at="2018-03-13T00:59:09Z">
          <reporter-output>
          </reporter-output>
        </test-method> <!-- testRegister -->
        <test-method status="PASS" signature="testCheckout()[pri:2, instance:automationTest.ShoppingSiteTest@59f99ea]" name="testCheckout" duration-ms="9452" started-at="2018-03-13T00:59:09Z" finished-at="2018-03-13T00:59:18Z">
          <reporter-output>
          </reporter-output>
        </test-method> <!-- testCheckout -->
        <test-method status="PASS" signature="tearDown()[pri:0, instance:automationTest.ShoppingSiteTest@59f99ea]" name="tearDown" is-config="true" duration-ms="198" started-at="2018-03-13T00:59:18Z" finished-at="2018-03-13T00:59:18Z">
          <reporter-output>
          </reporter-output>
        </test-method> <!-- tearDown -->
      </class> <!-- automationTest.ShoppingSiteTest -->
    </test> <!-- Default test -->
  </suite> <!-- Default suite -->
</testng-results>
